<?xml version="1.0" encoding="UTF-8"?><testsuite errors="0" failures="1" name="Create business" skipped="0" tests="1" time="27.71" timestamp="2022-12-11 11:20:18"><testcase name="Successful create business"><failure message="Expected enabled element was not enabled" type="net.thucydides.core.webdriver.exceptions.ElementShouldBeEnabledException">Expected enabled element was not enabled</failure><system-err>Expected enabled element was not enabled
com.co.qvision.tasks.createBusiness.CreateBusinessTask.performAs(CreateBusinessTask.java:23)
co.com.qvision.stepdefinitions.createBusiness.CreateBusinessStepDefinition.heFillsInTheFormFields(CreateBusinessStepDefinition.java:33)
cucumber.runner.Runner.runPickle(Runner.java:80)
worker.org.gradle.process.internal.worker.GradleWorkerMain.run(GradleWorkerMain.java:69)
worker.org.gradle.process.internal.worker.GradleWorkerMain.main(GradleWorkerMain.java:74)
</system-err></testcase></testsuite>